Info: CustomCategory:introduccion: 4 mini seconds publishing element
Info: CustomCategory:roles: 23 mini seconds publishing element
Info: Role:analista_de_negocio: 54 mini seconds publishing element
Info: Role:arquitecto_de_software: 31 mini seconds publishing element
Info: Role:arquitecto_de_software: 47 mini seconds publishing element
Info: Role:arquitecto_de_software: 31 mini seconds publishing element
Info: Role:desarrollador_back_end: 0 mini seconds publishing element
Info: Role:desarrollador_front_end: 49 mini seconds publishing element
Info: Role:diseador_ui_ux: 60 mini seconds publishing element
Info: Role:desarrollador_back_end: 88 mini seconds publishing element
Info: Role:qa_tester: 63 mini seconds publishing element
Info: Role:desarrollador_back_end: 20 mini seconds publishing element
Info: Role:desarrollador_back_end: 63 mini seconds publishing element
Info: Task:definir_las_reglas_de_negocio: 0 mini seconds publishing element
Info: Task:describir_puntualmente_el_proceso_de_negocio: 15 mini seconds publishing element
Info: Task:describir_puntualmente_las_necesidades_del_usuario: 0 mini seconds publishing element
Info: Task:identificacion_de_las_necesidades_del_usuario: 0 mini seconds publishing element
Info: Task:identificar_actores_y_entidades: 16 mini seconds publishing element
Info: Task:identificar_el_proceso_completo_de_negocio: 0 mini seconds publishing element
Info: Task:identificar_problemas_a_resolver: 15 mini seconds publishing element
Info: Task:identificar_reglas_de_negocio_con_la_plantilla_de_procesos: 0 mini seconds publishing element
Info: Task:realizar_diagrama_de_espina_de_pescado: 0 mini seconds publishing element
Info: Task:realizar_plantilla_de_procesos: 16 mini seconds publishing element
Info: Artifact:doc_de_identificacion_de_problemas: 16 mini seconds publishing element
Info: Artifact:doc_especificacion_de_casos_de_uso_de_negocio: 15 mini seconds publishing element
Info: Artifact:doc_especificacion_de_reglas_de_negocio: 16 mini seconds publishing element
Info: Artifact:doc_especificacion_de_requisitos_de_usuario: 16 mini seconds publishing element
Info: Task:definir_los_objetivos: 0 mini seconds publishing element
Info: Task:documentar_los_casos_de_uso: 15 mini seconds publishing element
Info: Task:documentar_los_requisitos_funcionales: 0 mini seconds publishing element
Info: Task:elicitar_requisitos_funcionales: 16 mini seconds publishing element
Info: Task:establecer_las_precondiciones_y_postcondiciones: 0 mini seconds publishing element
Info: Task:identificar_los_actores: 15 mini seconds publishing element
Info: Task:identificar_los_casos_de_uso_principales: 0 mini seconds publishing element
Info: Task:identificar_los_flujos_alternativos: 0 mini seconds publishing element
Info: Task:identificar_y_definir_los_objetivos_del_proyecto: 16 mini seconds publishing element
Info: Task:iterar_y_refinar: 0 mini seconds publishing element
Info: Task:mantener_la_trazabilidad_de_los_requisitos: 18 mini seconds publishing element
Info: Task:priorizar_los_requisitos: 0 mini seconds publishing element
Info: Task:recopilar_informacion_sobre_los_stakeholders: 14 mini seconds publishing element
Info: Task:validar_y_revisar_los_casos_de_uso: 15 mini seconds publishing element
Info: Task:validar_y_verificar_los_requisitos: 6 mini seconds publishing element
Info: Artifact:doc_especificaciones_de_casos_de_uso_de_sistema: 26 mini seconds publishing element
Info: Artifact:doc_requerimientos_funcionales: 40 mini seconds publishing element
Info: Task:analizar_los_requerimientos_funcionales_y_la_especificacion_de_casos_de_uso_de_sistema: 10 mini seconds publishing element
Info: Task:realizar_diccionario_de_datos: 0 mini seconds publishing element
Info: Task:realizar_el_diagrama_de_clases: 16 mini seconds publishing element
Info: Artifact:doc_diccionario_de_datos: 25 mini seconds publishing element
Info: Artifact:doc_modelado_de_clases: 8 mini seconds publishing element
Info: Task:aplicar_estilos_y_disenio: 0 mini seconds publishing element
Info: Task:crear_la_estructura_de_archivos_y_carpetas: 16 mini seconds publishing element
Info: Task:desarrollar_los_componentes_y_las_vistas: 16 mini seconds publishing element
Info: Task:diseniar_la_estructura_de_la_interfaz_de_usuario: 20 mini seconds publishing element
Info: Task:implementar_la_interactividad: 12 mini seconds publishing element
Info: Task:realizar_pruebas_y_depuracion: 3 mini seconds publishing element
Info: Task:seleccionar_las_tecnologias_oportunas: 0 mini seconds publishing element
Info: Artifact:doc_implementacion_de_ui_ux: 34 mini seconds publishing element
Info: Task:agregar_detalles_de_disenio: 0 mini seconds publishing element
Info: Task:crear_escenarios_de_uso: 0 mini seconds publishing element
Info: Task:crear_perfiles_de_usuario: 7 mini seconds publishing element
Info: Task:crear_prototipos_interactivos: 6 mini seconds publishing element
Info: Task:crear_un_esquema_inicial: 4 mini seconds publishing element
Info: Task:definir_los_flujos_de_usuario: 0 mini seconds publishing element
Info: Task:definir_los_objetivos_de_interaccion: 15 mini seconds publishing element
Info: Task:diseniar_el_flujo_de_interaccion: 16 mini seconds publishing element
Info: Task:diseniar_wireframes: 0 mini seconds publishing element
Info: Task:identificar_a_los_usuarios_y_sus_necesidades: 0 mini seconds publishing element
Info: Task:iterar_y_refinar: 15 mini seconds publishing element
Info: Task:preparar_los_materiales_y_entorno_de_prueba: 16 mini seconds publishing element
Info: Task:prototipar_y_prueba: 0 mini seconds publishing element
Info: Task:realizar_las_pruebas: 16 mini seconds publishing element
Info: Task:recopilar_la_retroalimentacion: 0 mini seconds publishing element
Info: Task:recopilar_requisitos_y_especificaciones: 15 mini seconds publishing element
Info: Task:seleccionar_a_los_participantes: 0 mini seconds publishing element
Info: Artifact:doc_modelo_de_interaccion: 16 mini seconds publishing element
Info: Artifact:doc_prototipado_ui: 16 mini seconds publishing element
Info: Artifact:doc_prototipo_de_usuario: 15 mini seconds publishing element
Info: Artifact:reporte_de_pruebas_de_uso: 16 mini seconds publishing element
Info: Task:configurar_el_archivo_de_configuraciones_en_el_codigo: 0 mini seconds publishing element
Info: Task:configurar_los_controladores_y_las_bibliotecas_necesarias: 0 mini seconds publishing element
Info: Task:configurar_los_parametros_de_conexion_de_la_base_de_datos: 15 mini seconds publishing element
Info: Task:crear_modulos_o_paquetes: 16 mini seconds publishing element
Info: Task:establecer_dependencias: 0 mini seconds publishing element
Info: Task:establecer_la_conexion: 0 mini seconds publishing element
Info: Task:implementar_la_estructura_de_directorios: 17 mini seconds publishing element
Info: Task:implementar_los_requerimientos_con_prioridad_alta: 0 mini seconds publishing element
Info: Task:implementar_los_requerimientos_con_prioridad_baja: 15 mini seconds publishing element
Info: Task:implementar_los_requerimientos_con_prioridad_media: 0 mini seconds publishing element
Info: Task:implementar_relaciones_entre_entidades: 18 mini seconds publishing element
Info: Artifact:doc_de_desarrollo_de_requerimientos: 9 mini seconds publishing element
Info: Artifact:doc_implementacion_y_conexion_de_bases_de_datos: 2 mini seconds publishing element
Info: Artifact:doc_informe_de_implementacion_de_modelo: 16 mini seconds publishing element
Info: Task:analizar_los_resultados_de_las_pruebas_unitarias_realizadas_al_software: 16 mini seconds publishing element
Info: Task:analizar_y_seleccionar_el_entorno_adecuado_para_pruebas: 12 mini seconds publishing element
Info: Task:describir_los_posibles_errores_encontrados_en_el_software_a_partir_de_los_resultados_de_las_pruebas: 7 mini seconds publishing element
Info: Task:ejecutar_pruebas_de_integracion: 0 mini seconds publishing element
Info: Task:ejecutar_pruebas_de_rendimiento: 15 mini seconds publishing element
Info: Task:ejecutar_pruebas_de_seguridad: 0 mini seconds publishing element
Info: Task:preparar_entorno_de_pruebas: 20 mini seconds publishing element
Info: Task:preparar_entorno_y_el_software_para_las_pruebas_de_integracion: 10 mini seconds publishing element
Info: Task:preparar_entorno_y_el_software_para_las_pruebas_de_rendimiento: 8 mini seconds publishing element
Info: Task:preparar_entorno_y_el_software_para_las_pruebas_de_seguridad: 7 mini seconds publishing element
Info: Task:proponer_posibles_soluciones_a_los_errores_encontrados_en_el_software: 5 mini seconds publishing element
Info: Artifact:informe_de_escenarios_de_prueba: 19 mini seconds publishing element
Info: Artifact:informe_de_posibles_soluciones: 22 mini seconds publishing element
Info: Artifact:informe_de_pruebas_unitaria_con_15_casos_de_prueba_de_integracion: 8 mini seconds publishing element
Info: Artifact:informe_de_pruebas_unitaria_con_15_casos_de_prueba_de_rendimiento: 18 mini seconds publishing element
Info: Artifact:informe_de_pruebas_unitaria_con_15_casos_de_prueba_de_seguridad: 21 mini seconds publishing element
Info: Task:comunicar_y_capacitar: 5 mini seconds publishing element
Info: Task:configurar_hardware_y_software: 10 mini seconds publishing element
Info: Task:crear_una_copia_de_datos_de_produccion: 9 mini seconds publishing element
Info: Task:definir_los_requisitos_del_entorno_de_prueba: 2 mini seconds publishing element
Info: Task:diseniar_el_plan_de_respaldo: 0 mini seconds publishing element
Info: Task:diseniar_la_infraestructura_de_despliegue: 16 mini seconds publishing element
Info: Task:diseniar_pruebas_de_aceptacion: 0 mini seconds publishing element
Info: Task:ejecutar_pruebas_exhaustivas: 15 mini seconds publishing element
Info: Task:establecer_la_red_y_la_conectividad: 0 mini seconds publishing element
Info: Task:establecer_perfiles_de_usuarios_y_datos_de_prueba: 16 mini seconds publishing element
Info: Task:identificar_los_roles_y_responsabilidades: 0 mini seconds publishing element
Info: Task:implementar_el_software_en_el_entorno_de_prueba: 16 mini seconds publishing element
Info: Task:mantener_el_entorno_de_prueba: 0 mini seconds publishing element
Info: Task:realizar_ajustes_y_correcciones: 15 mini seconds publishing element
Info: Task:registrar_y_analizar_los_resultados: 0 mini seconds publishing element
Info: Artifact:doc_de_implementacion_del_entorno_de_prueba: 16 mini seconds publishing element
Info: Artifact:doc_de_plan_de_despliegue: 16 mini seconds publishing element
Info: Artifact:informe_de_despliegue: 0 mini seconds publishing element
Info: : Publishing time: 0 minutes 2 seconds
